opencvdemo/sdk/build/intermediates/manifest_merge_blame_file/debug/manifest-merger-blame-debug-report.txt
1<?xml version="1.0" encoding="utf-8"?>
2<manifest xmlns:android="http://schemas.android.com/apk/res/android"
3    package="org.opencv"
4    android:versionCode="34100"
5    android:versionName="3.4.10" > <!-- <uses-sdk android:minSdkVersion="8" android:targetSdkVersion="21" /> -->
6    <uses-sdk
7        android:minSdkVersion="16"
7-->sdk\java\AndroidManifest.xml
8        android:targetSdkVersion="30" />
8-->sdk\java\AndroidManifest.xml
9
10</manifest>